Using pre-set license
Built from '2020.3/staging' branch; Version is '2020.3.8f1 (507919d4fff5) revision 5273881'; Using compiler version '192528614'; Build Type 'Release'
OS: 'Windows 10 Home Single Language; OS build 19043.1237; Version 2009; 64bit' Language: 'es' Physical Memory: 16237 MB
BatchMode: 1, IsHumanControllingUs: 0, StartBugReporterOnCrash: 0, Is64bit: 1, IsPro: 0

 COMMAND LINE ARGUMENTS:
C:\Program Files\Unity\Hub\Editor\2020.3.8f1\Editor\Unity.exe
-adb2
-batchMode
-noUpm
-name
AssetImportWorker0
-projectPath
D:/Repo_Masa_Resorte/Damped_teclado
-logFile
Logs/AssetImportWorker0.log
-srvPort
54801
Successfully changed project path to: D:/Repo_Masa_Resorte/Damped_teclado
D:/Repo_Masa_Resorte/Damped_teclado
Using Asset Import Pipeline V2.
Refreshing native plugins compatible for Editor in 24.42 ms, found 0 plugins.
Preloading 0 native plugins for Editor in 0.00 ms.
Initialize engine version: 2020.3.8f1 (507919d4fff5)
[Subsystems] Discovering subsystems at path C:/Program Files/Unity/Hub/Editor/2020.3.8f1/Editor/Data/Resources/UnitySubsystems
[Subsystems] Discovering subsystems at path D:/Repo_Masa_Resorte/Damped_teclado/Assets
GfxDevice: creating device client; threaded=0
Direct3D:
    Version:  Direct3D 11.0 [level 11.1]
    Renderer: NVIDIA GeForce RTX 2060 (ID=0x1f08)
    Vendor:   
    VRAM:     5980 MB
    Driver:   27.21.14.6679
Initialize mono
Mono path[0] = 'C:/Program Files/Unity/Hub/Editor/2020.3.8f1/Editor/Data/Managed'
Mono path[1] = 'C:/Program Files/Unity/Hub/Editor/2020.3.8f1/Editor/Data/MonoBleedingEdge/lib/mono/unityjit'
Mono config path = 'C:/Program Files/Unity/Hub/Editor/2020.3.8f1/Editor/Data/MonoBleedingEdge/etc'
Using monoOptions --debugger-agent=transport=dt_socket,embedding=1,server=y,suspend=n,address=127.0.0.1:56216
Begin MonoManager ReloadAssembly
Registering precompiled unity dll's ...
Register platform support module: C:/Program Files/Unity/Hub/Editor/2020.3.8f1/Editor/Data/PlaybackEngines/WindowsStandaloneSupport/UnityEditor.WindowsStandalone.Extensions.dll
Registered in 0.001842 seconds.
Native extension for WindowsStandalone target not found
Refreshing native plugins compatible for Editor in 23.77 ms, found 0 plugins.
Preloading 0 native plugins for Editor in 0.00 ms.
Mono: successfully reloaded assembly
- Completed reload, in  0.906 seconds
Platform modules already initialized, skipping
Registering precompiled user dll's ...
Registered in 0.000577 seconds.
Begin MonoManager ReloadAssembly
Native extension for WindowsStandalone target not found
Refreshing native plugins compatible for Editor in 23.39 ms, found 0 plugins.
Preloading 0 native plugins for Editor in 0.00 ms.
Mono: successfully reloaded assembly
- Completed reload, in  0.709 seconds
Platform modules already initialized, skipping
========================================================================
Worker process is ready to serve import requests
Launched and connected shader compiler UnityShaderCompiler.exe after 0.05 seconds
Refreshing native plugins compatible for Editor in 0.32 ms, found 0 plugins.
Preloading 0 native plugins for Editor in 0.00 ms.
Unloading 1241 Unused Serialized files (Serialized files now loaded: 0)
System memory in use before: 73.2 MB.
System memory in use after: 73.3 MB.

Unloading 9 unused Assets to reduce memory usage. Loaded Objects now: 1704.
Total: 1.462700 ms (FindLiveObjects: 0.123700 ms CreateObjectMapping: 0.036400 ms MarkObjects: 1.247300 ms  DeleteObjects: 0.054500 ms)

========================================================================
Received Import Request.
  path: Assets/DampedSpringMotionCopier
  artifactKey: Guid(81b02a5921c9dd4419b8be1390a82e3a) Importer(815301076,1909f56bfc062723c751e8b465ee728b)
Start importing Assets/DampedSpringMotionCopier using Guid(81b02a5921c9dd4419b8be1390a82e3a) Importer(815301076,1909f56bfc062723c751e8b465ee728b)  -> (artifact id: 'b3e23104030deb64c4e09d97ae64865e') in 0.026098 seconds
  Import took 0.124062 seconds .

========================================================================
Received Import Request.
  Time since last request: 0.584932 seconds.
  path: Assets/Plugins
  artifactKey: Guid(1117983197fe04de19d968521eda89c0) Importer(815301076,1909f56bfc062723c751e8b465ee728b)
Start importing Assets/Plugins using Guid(1117983197fe04de19d968521eda89c0) Importer(815301076,1909f56bfc062723c751e8b465ee728b)  -> (artifact id: '876d188de2e210590f36e1c106789d9c') in 0.004367 seconds
  Import took 0.086376 seconds .

========================================================================
Received Import Request.
  Time since last request: 2.612123 seconds.
  path: Assets/___www.unityassetcollection.com___.txt
  artifactKey: Guid(c1b0e9b1f04ac4f438cc70399790d144) Importer(815301076,1909f56bfc062723c751e8b465ee728b)
Start importing Assets/___www.unityassetcollection.com___.txt using Guid(c1b0e9b1f04ac4f438cc70399790d144) Importer(815301076,1909f56bfc062723c751e8b465ee728b)  -> (artifact id: '8ed16d3f37d74ad334d472171d6ce7c3') in 0.047951 seconds
  Import took 0.098102 seconds .

========================================================================
Received Prepare
Registering precompiled user dll's ...
Registered in 0.000820 seconds.
Begin MonoManager ReloadAssembly
Native extension for WindowsStandalone target not found
Refreshing native plugins compatible for Editor in 0.26 ms, found 0 plugins.
Preloading 0 native plugins for Editor in 0.00 ms.
Mono: successfully reloaded assembly
- Completed reload, in  0.788 seconds
Platform modules already initialized, skipping
Refreshing native plugins compatible for Editor in 0.21 ms, found 0 plugins.
Preloading 0 native plugins for Editor in 0.00 ms.
Unloading 1234 Unused Serialized files (Serialized files now loaded: 0)
System memory in use before: 73.0 MB.
System memory in use after: 73.1 MB.

Unloading 4 unused Assets to reduce memory usage. Loaded Objects now: 1707.
Total: 1.342500 ms (FindLiveObjects: 0.107900 ms CreateObjectMapping: 0.032100 ms MarkObjects: 1.191500 ms  DeleteObjects: 0.010300 ms)

========================================================================
Received Import Request.
  Time since last request: 354.914073 seconds.
  path: Assets/DampedSpringMotionCopier/Code/SpringScale.cs
  artifactKey: Guid(f916bc937a87e054ea09350f7fe42372) Importer(815301076,1909f56bfc062723c751e8b465ee728b)
Start importing Assets/DampedSpringMotionCopier/Code/SpringScale.cs using Guid(f916bc937a87e054ea09350f7fe42372) Importer(815301076,1909f56bfc062723c751e8b465ee728b)  -> (artifact id: '126e13bf3bfcb5a89ea3445e7a8b5c11') in 0.052133 seconds
  Import took 0.344101 seconds .

========================================================================
Received Prepare
Registering precompiled user dll's ...
Registered in 0.000718 seconds.
Begin MonoManager ReloadAssembly
Native extension for WindowsStandalone target not found
Refreshing native plugins compatible for Editor in 0.23 ms, found 0 plugins.
Preloading 0 native plugins for Editor in 0.00 ms.
Mono: successfully reloaded assembly
- Completed reload, in  0.796 seconds
Platform modules already initialized, skipping
Refreshing native plugins compatible for Editor in 0.22 ms, found 0 plugins.
Preloading 0 native plugins for Editor in 0.00 ms.
Unloading 1234 Unused Serialized files (Serialized files now loaded: 0)
System memory in use before: 73.0 MB.
System memory in use after: 73.1 MB.

Unloading 4 unused Assets to reduce memory usage. Loaded Objects now: 1710.
Total: 1.348900 ms (FindLiveObjects: 0.120200 ms CreateObjectMapping: 0.031700 ms MarkObjects: 1.184000 ms  DeleteObjects: 0.011700 ms)

========================================================================
Received Prepare
Registering precompiled user dll's ...
Registered in 0.000599 seconds.
Begin MonoManager ReloadAssembly
Native extension for WindowsStandalone target not found
Refreshing native plugins compatible for Editor in 0.22 ms, found 0 plugins.
Preloading 0 native plugins for Editor in 0.00 ms.
Mono: successfully reloaded assembly
- Completed reload, in  0.657 seconds
Platform modules already initialized, skipping
Refreshing native plugins compatible for Editor in 0.22 ms, found 0 plugins.
Preloading 0 native plugins for Editor in 0.00 ms.
Unloading 1234 Unused Serialized files (Serialized files now loaded: 0)
System memory in use before: 73.0 MB.
System memory in use after: 73.1 MB.

Unloading 4 unused Assets to reduce memory usage. Loaded Objects now: 1713.
Total: 1.444000 ms (FindLiveObjects: 0.107700 ms CreateObjectMapping: 0.035700 ms MarkObjects: 1.288900 ms  DeleteObjects: 0.011000 ms)

========================================================================
Received Import Request.
  Time since last request: 298.377754 seconds.
  path: Assets/DampedSpringMotionCopier/Code/SpringScale.cs
  artifactKey: Guid(f916bc937a87e054ea09350f7fe42372) Importer(815301076,1909f56bfc062723c751e8b465ee728b)
Start importing Assets/DampedSpringMotionCopier/Code/SpringScale.cs using Guid(f916bc937a87e054ea09350f7fe42372) Importer(815301076,1909f56bfc062723c751e8b465ee728b)  -> (artifact id: '1b93a9862aa7a1a9c876fef1fca88fa7') in 0.006136 seconds
  Import took 0.007670 seconds .

AssetImportWorkerClient::OnTransportError - code=2 error=End of file
