Using pre-set license
Built from '2020.3/staging' branch; Version is '2020.3.8f1 (507919d4fff5) revision 5273881'; Using compiler version '192528614'; Build Type 'Release'
OS: 'Windows 10 Home Single Language; OS build 19043.1237; Version 2009; 64bit' Language: 'es' Physical Memory: 16237 MB
BatchMode: 1, IsHumanControllingUs: 0, StartBugReporterOnCrash: 0, Is64bit: 1, IsPro: 0

 COMMAND LINE ARGUMENTS:
C:\Program Files\Unity\Hub\Editor\2020.3.8f1\Editor\Unity.exe
-adb2
-batchMode
-noUpm
-name
AssetImportWorker0
-projectPath
D:/Repo_Github/Ejemplos_Unity/Damped_teclado
-logFile
Logs/AssetImportWorker0.log
-srvPort
65103
Successfully changed project path to: D:/Repo_Github/Ejemplos_Unity/Damped_teclado
D:/Repo_Github/Ejemplos_Unity/Damped_teclado
Using Asset Import Pipeline V2.
Refreshing native plugins compatible for Editor in 22.21 ms, found 0 plugins.
Preloading 0 native plugins for Editor in 0.00 ms.
Initialize engine version: 2020.3.8f1 (507919d4fff5)
[Subsystems] Discovering subsystems at path C:/Program Files/Unity/Hub/Editor/2020.3.8f1/Editor/Data/Resources/UnitySubsystems
[Subsystems] Discovering subsystems at path D:/Repo_Github/Ejemplos_Unity/Damped_teclado/Assets
GfxDevice: creating device client; threaded=0
Direct3D:
    Version:  Direct3D 11.0 [level 11.1]
    Renderer: NVIDIA GeForce RTX 2060 (ID=0x1f08)
    Vendor:   
    VRAM:     5980 MB
    Driver:   27.21.14.6679
Shader 'TEXDraw/Lit Bump Map/Full': fallback shader 'TEXDraw/Lit Transparent/4 Pass' not found
Shader 'TEXDraw/Lit Transparent/Full': fallback shader 'TEXDraw/Default/4 Pass' not found
Initialize mono
Mono path[0] = 'C:/Program Files/Unity/Hub/Editor/2020.3.8f1/Editor/Data/Managed'
Mono path[1] = 'C:/Program Files/Unity/Hub/Editor/2020.3.8f1/Editor/Data/MonoBleedingEdge/lib/mono/unityjit'
Mono config path = 'C:/Program Files/Unity/Hub/Editor/2020.3.8f1/Editor/Data/MonoBleedingEdge/etc'
Using monoOptions --debugger-agent=transport=dt_socket,embedding=1,server=y,suspend=n,address=127.0.0.1:56824
Begin MonoManager ReloadAssembly
Registering precompiled unity dll's ...
Register platform support module: C:/Program Files/Unity/Hub/Editor/2020.3.8f1/Editor/Data/PlaybackEngines/WindowsStandaloneSupport/UnityEditor.WindowsStandalone.Extensions.dll
Registered in 0.001888 seconds.
Native extension for WindowsStandalone target not found
Refreshing native plugins compatible for Editor in 21.58 ms, found 0 plugins.
Preloading 0 native plugins for Editor in 0.00 ms.
Mono: successfully reloaded assembly
- Completed reload, in  0.883 seconds
Platform modules already initialized, skipping
Registering precompiled user dll's ...
Registered in 0.000571 seconds.
Begin MonoManager ReloadAssembly
Native extension for WindowsStandalone target not found
Refreshing native plugins compatible for Editor in 0.21 ms, found 0 plugins.
Preloading 0 native plugins for Editor in 0.00 ms.
Mono: successfully reloaded assembly
- Completed reload, in  0.686 seconds
Platform modules already initialized, skipping
========================================================================
Worker process is ready to serve import requests
Shader 'TEXDraw/Lit Transparent/Full': fallback shader 'TEXDraw/Default/4 Pass' not found
Shader 'TEXDraw/Lit Bump Map/Full': fallback shader 'TEXDraw/Lit Transparent/4 Pass' not found
Launched and connected shader compiler UnityShaderCompiler.exe after 0.04 seconds
Refreshing native plugins compatible for Editor in 0.21 ms, found 0 plugins.
Preloading 0 native plugins for Editor in 0.00 ms.
Unloading 1258 Unused Serialized files (Serialized files now loaded: 0)
System memory in use before: 76.1 MB.
System memory in use after: 76.0 MB.

Unloading 14 unused Assets to reduce memory usage. Loaded Objects now: 1716.
Total: 1.538400 ms (FindLiveObjects: 0.114500 ms CreateObjectMapping: 0.028700 ms MarkObjects: 1.262600 ms  DeleteObjects: 0.131700 ms)

========================================================================
Received Import Request.
  path: Assets/TEXDraw/Script/Shaders/TEXShader1Pass.shader
  artifactKey: Guid(f136bea64a569d9488ea2be344290a0f) Importer(815301076,1909f56bfc062723c751e8b465ee728b)
Start importing Assets/TEXDraw/Script/Shaders/TEXShader1Pass.shader using Guid(f136bea64a569d9488ea2be344290a0f) Importer(815301076,1909f56bfc062723c751e8b465ee728b)  -> (artifact id: 'ab2e69051e126949aa60ca7de2073706') in 0.028266 seconds
  Import took 0.029895 seconds .

========================================================================
Received Import Request.
  Time since last request: 74.813635 seconds.
  path: Assets/TEXDraw/Script/Shaders/TEXShader2Pass.shader
  artifactKey: Guid(dc05c3d28d1e7dc4b96f428dc4d04a0b) Importer(815301076,1909f56bfc062723c751e8b465ee728b)
Start importing Assets/TEXDraw/Script/Shaders/TEXShader2Pass.shader using Guid(dc05c3d28d1e7dc4b96f428dc4d04a0b) Importer(815301076,1909f56bfc062723c751e8b465ee728b)  -> (artifact id: 'd9fd287bc6a0e49532c2210d9a2c1786') in 0.005437 seconds
  Import took 0.007496 seconds .

========================================================================
Received Import Request.
  Time since last request: 0.023094 seconds.
  path: Assets/TEXDraw/Script/Shaders/TEXShader2Pass.shader
  artifactKey: Guid(dc05c3d28d1e7dc4b96f428dc4d04a0b) Importer(815301076,1909f56bfc062723c751e8b465ee728b)
Start importing Assets/TEXDraw/Script/Shaders/TEXShader2Pass.shader using Guid(dc05c3d28d1e7dc4b96f428dc4d04a0b) Importer(815301076,1909f56bfc062723c751e8b465ee728b)  -> (artifact id: 'd9fd287bc6a0e49532c2210d9a2c1786') in 0.003819 seconds
  Import took 0.005502 seconds .

========================================================================
Received Prepare
Registering precompiled user dll's ...
Registered in 0.000611 seconds.
Begin MonoManager ReloadAssembly
Native extension for WindowsStandalone target not found
Refreshing native plugins compatible for Editor in 0.19 ms, found 0 plugins.
Preloading 0 native plugins for Editor in 0.00 ms.
Mono: successfully reloaded assembly
- Completed reload, in  0.660 seconds
Platform modules already initialized, skipping
Shader 'TEXDraw/Lit Transparent/Full': fallback shader 'TEXDraw/Default/4 Pass' not found
Shader 'TEXDraw/Lit Bump Map/Full': fallback shader 'TEXDraw/Lit Transparent/4 Pass' not found
Refreshing native plugins compatible for Editor in 0.20 ms, found 0 plugins.
Preloading 0 native plugins for Editor in 0.00 ms.
Unloading 1133 Unused Serialized files (Serialized files now loaded: 0)
System memory in use before: 72.3 MB.
System memory in use after: 72.4 MB.

Unloading 98 unused Assets to reduce memory usage. Loaded Objects now: 1625.
Total: 1.512100 ms (FindLiveObjects: 0.098500 ms CreateObjectMapping: 0.027400 ms MarkObjects: 1.349300 ms  DeleteObjects: 0.036000 ms)

AssetImportWorkerClient::OnTransportError - code=2 error=End of file
