Using pre-set license
Built from '2020.3/staging' branch; Version is '2020.3.8f1 (507919d4fff5) revision 5273881'; Using compiler version '192528614'; Build Type 'Release'
OS: 'Windows 10 Home Single Language; OS build 19043.1237; Version 2009; 64bit' Language: 'es' Physical Memory: 16237 MB
BatchMode: 1, IsHumanControllingUs: 0, StartBugReporterOnCrash: 0, Is64bit: 1, IsPro: 0

 COMMAND LINE ARGUMENTS:
C:\Program Files\Unity\Hub\Editor\2020.3.8f1\Editor\Unity.exe
-adb2
-batchMode
-noUpm
-name
AssetImportWorker0
-projectPath
D:/Repo_Github/Ejemplos_Unity/unity_documentos/puer
-logFile
Logs/AssetImportWorker0.log
-srvPort
54599
Successfully changed project path to: D:/Repo_Github/Ejemplos_Unity/unity_documentos/puer
D:/Repo_Github/Ejemplos_Unity/unity_documentos/puer
Using Asset Import Pipeline V2.
Refreshing native plugins compatible for Editor in 20.09 ms, found 0 plugins.
Preloading 0 native plugins for Editor in 0.00 ms.
Initialize engine version: 2020.3.8f1 (507919d4fff5)
[Subsystems] Discovering subsystems at path C:/Program Files/Unity/Hub/Editor/2020.3.8f1/Editor/Data/Resources/UnitySubsystems
[Subsystems] Discovering subsystems at path D:/Repo_Github/Ejemplos_Unity/unity_documentos/puer/Assets
GfxDevice: creating device client; threaded=0
Direct3D:
    Version:  Direct3D 11.0 [level 11.1]
    Renderer: NVIDIA GeForce RTX 2060 (ID=0x1f08)
    Vendor:   
    VRAM:     5980 MB
    Driver:   27.21.14.6679
Initialize mono
Mono path[0] = 'C:/Program Files/Unity/Hub/Editor/2020.3.8f1/Editor/Data/Managed'
Mono path[1] = 'C:/Program Files/Unity/Hub/Editor/2020.3.8f1/Editor/Data/MonoBleedingEdge/lib/mono/unityjit'
Mono config path = 'C:/Program Files/Unity/Hub/Editor/2020.3.8f1/Editor/Data/MonoBleedingEdge/etc'
Using monoOptions --debugger-agent=transport=dt_socket,embedding=1,server=y,suspend=n,address=127.0.0.1:56328
Begin MonoManager ReloadAssembly
Registering precompiled unity dll's ...
Register platform support module: C:/Program Files/Unity/Hub/Editor/2020.3.8f1/Editor/Data/PlaybackEngines/WindowsStandaloneSupport/UnityEditor.WindowsStandalone.Extensions.dll
Registered in 0.001819 seconds.
Native extension for WindowsStandalone target not found
Refreshing native plugins compatible for Editor in 19.51 ms, found 0 plugins.
Preloading 0 native plugins for Editor in 0.00 ms.
Mono: successfully reloaded assembly
- Completed reload, in  0.878 seconds
Platform modules already initialized, skipping
Registering precompiled user dll's ...
Registered in 0.000638 seconds.
Begin MonoManager ReloadAssembly
Native extension for WindowsStandalone target not found
Refreshing native plugins compatible for Editor in 0.18 ms, found 0 plugins.
Preloading 0 native plugins for Editor in 0.00 ms.
Mono: successfully reloaded assembly
- Completed reload, in  0.662 seconds
Platform modules already initialized, skipping
========================================================================
Worker process is ready to serve import requests
Launched and connected shader compiler UnityShaderCompiler.exe after 0.04 seconds
Refreshing native plugins compatible for Editor in 0.23 ms, found 0 plugins.
Preloading 0 native plugins for Editor in 0.00 ms.
Unloading 1155 Unused Serialized files (Serialized files now loaded: 0)
System memory in use before: 58.4 MB.
System memory in use after: 58.4 MB.

Unloading 10 unused Assets to reduce memory usage. Loaded Objects now: 1597.
Total: 1.419100 ms (FindLiveObjects: 0.107000 ms CreateObjectMapping: 0.027700 ms MarkObjects: 1.224200 ms  DeleteObjects: 0.059400 ms)

========================================================================
Received Import Request.
  path: Assets/DampedSpringMotionCopier/Code/DampedSpringMotionCopier.cs
  artifactKey: Guid(0741aa594c535a342a4f60d352a3dbde) Importer(815301076,1909f56bfc062723c751e8b465ee728b)
Start importing Assets/DampedSpringMotionCopier/Code/DampedSpringMotionCopier.cs using Guid(0741aa594c535a342a4f60d352a3dbde) Importer(815301076,1909f56bfc062723c751e8b465ee728b)  -> (artifact id: '888231c2fb9236096c4d9f3b19f24dfa') in 0.019342 seconds
  Import took 0.103236 seconds .

========================================================================
Received Import Request.
  Time since last request: 14.640702 seconds.
  path: Assets/DampedSpringMotionCopier/Code/SpringScale.cs
  artifactKey: Guid(f916bc937a87e054ea09350f7fe42372) Importer(815301076,1909f56bfc062723c751e8b465ee728b)
Start importing Assets/DampedSpringMotionCopier/Code/SpringScale.cs using Guid(f916bc937a87e054ea09350f7fe42372) Importer(815301076,1909f56bfc062723c751e8b465ee728b)  -> (artifact id: '126e13bf3bfcb5a89ea3445e7a8b5c11') in 0.003700 seconds
  Import took 0.049395 seconds .

========================================================================
Received Prepare
Refreshing native plugins compatible for Editor in 0.57 ms, found 0 plugins.
Preloading 0 native plugins for Editor in 0.00 ms.
Unloading 3 Unused Serialized files (Serialized files now loaded: 0)
System memory in use before: 35.4 MB.
System memory in use after: 35.5 MB.

Unloading 3 unused Assets to reduce memory usage. Loaded Objects now: 1597.
Total: 1.277200 ms (FindLiveObjects: 0.113400 ms CreateObjectMapping: 0.030600 ms MarkObjects: 1.101600 ms  DeleteObjects: 0.031000 ms)

========================================================================
Received Import Request.
  Time since last request: 879.420111 seconds.
  path: Packages/com.unity.ext.nunit
  artifactKey: Guid(25a477c2f24db8778a4179421a32cc21) Importer(815301076,1909f56bfc062723c751e8b465ee728b)
Start importing Packages/com.unity.ext.nunit using Guid(25a477c2f24db8778a4179421a32cc21) Importer(815301076,1909f56bfc062723c751e8b465ee728b)  -> (artifact id: '1f41e8f4d40076fc21ed5661dc0fecd8') in 0.004803 seconds
  Import took 0.006713 seconds .

========================================================================
Received Import Request.
  Time since last request: 2.831116 seconds.
  path: Packages/com.unity.ide.rider
  artifactKey: Guid(ea5aa18a49e4f29d74984ea0ea11a238) Importer(815301076,1909f56bfc062723c751e8b465ee728b)
Start importing Packages/com.unity.ide.rider using Guid(ea5aa18a49e4f29d74984ea0ea11a238) Importer(815301076,1909f56bfc062723c751e8b465ee728b)  -> (artifact id: 'cd4fc64aecee95d58d3b8370604825f4') in 0.004531 seconds
  Import took 0.006157 seconds .

========================================================================
Received Import Request.
  Time since last request: 1.213537 seconds.
  path: Packages/com.unity.test-framework
  artifactKey: Guid(6023f2b823fc19b4e4a90875281ff117) Importer(815301076,1909f56bfc062723c751e8b465ee728b)
Start importing Packages/com.unity.test-framework using Guid(6023f2b823fc19b4e4a90875281ff117) Importer(815301076,1909f56bfc062723c751e8b465ee728b)  -> (artifact id: 'be9afed99df6f0fd6104a833fb98c443') in 0.033968 seconds
  Import took 0.035785 seconds .

========================================================================
Received Import Request.
  Time since last request: 0.423856 seconds.
  path: Packages/com.unity.textmeshpro
  artifactKey: Guid(cabaa672b0e3ee91fa7b6da4daab7970) Importer(815301076,1909f56bfc062723c751e8b465ee728b)
Start importing Packages/com.unity.textmeshpro using Guid(cabaa672b0e3ee91fa7b6da4daab7970) Importer(815301076,1909f56bfc062723c751e8b465ee728b)  -> (artifact id: 'ff267c4ba4ba92586e0c486fb8422daf') in 0.004210 seconds
  Import took 0.006003 seconds .

========================================================================
Received Import Request.
  Time since last request: 3.460137 seconds.
  path: Packages/com.unity.timeline
  artifactKey: Guid(a4610cf559d77b9f256416d9ccaeac55) Importer(815301076,1909f56bfc062723c751e8b465ee728b)
Start importing Packages/com.unity.timeline using Guid(a4610cf559d77b9f256416d9ccaeac55) Importer(815301076,1909f56bfc062723c751e8b465ee728b)  -> (artifact id: 'f69aa540e9aa41b916d6c494642514e5') in 0.004183 seconds
  Import took 0.005784 seconds .

========================================================================
Received Import Request.
  Time since last request: 0.806387 seconds.
  path: Packages/com.unity.ugui
  artifactKey: Guid(8f7652e09069a1943278893d4264401e) Importer(815301076,1909f56bfc062723c751e8b465ee728b)
Start importing Packages/com.unity.ugui using Guid(8f7652e09069a1943278893d4264401e) Importer(815301076,1909f56bfc062723c751e8b465ee728b)  -> (artifact id: '105fd2144afe9eeac1b9370273c8772e') in 0.004603 seconds
  Import took 0.006219 seconds .

========================================================================
Received Import Request.
  Time since last request: 0.560381 seconds.
  path: Packages/com.unity.collab-proxy
  artifactKey: Guid(1adad61bfb44214ee3e887b5febc4396) Importer(815301076,1909f56bfc062723c751e8b465ee728b)
Start importing Packages/com.unity.collab-proxy using Guid(1adad61bfb44214ee3e887b5febc4396) Importer(815301076,1909f56bfc062723c751e8b465ee728b)  -> (artifact id: '0f7b90e875383c8c7f5d14eed7ebeb3c') in 0.007508 seconds
  Import took 0.009793 seconds .

========================================================================
Received Import Request.
  Time since last request: 1.455308 seconds.
  path: Packages/com.unity.ide.vscode
  artifactKey: Guid(1c61a04a5b7737c4d16673d64be4194e) Importer(815301076,1909f56bfc062723c751e8b465ee728b)
Start importing Packages/com.unity.ide.vscode using Guid(1c61a04a5b7737c4d16673d64be4194e) Importer(815301076,1909f56bfc062723c751e8b465ee728b)  -> (artifact id: 'e7d361ee38c2e309ab98f178dbba2638') in 0.005457 seconds
  Import took 0.007611 seconds .

========================================================================
Received Import Request.
  Time since last request: 0.576897 seconds.
  path: Packages/com.unity.ide.visualstudio
  artifactKey: Guid(9db636ca49aa246019dd93b7c8b689f4) Importer(815301076,1909f56bfc062723c751e8b465ee728b)
Start importing Packages/com.unity.ide.visualstudio using Guid(9db636ca49aa246019dd93b7c8b689f4) Importer(815301076,1909f56bfc062723c751e8b465ee728b)  -> (artifact id: '7f17f2a74d95fae072feb599a6e772e5') in 0.005571 seconds
  Import took 0.008133 seconds .

AssetImportWorkerClient::OnTransportError - code=2 error=End of file
